#
# A fatal error has been detected by the Java Runtime Environment:
#
#  EXCEPTION_ACCESS_VIOLATION (0xc0000005) at pc=0x6d01d1c8, pid=3528, tid=1852
#
# JRE version: 6.0_21-b07
# Java VM: Java HotSpot(TM) Client VM (17.0-b17 mixed mode, sharing windows-x86 )
# Problematic frame:
# C  [awt.dll+0x1d1c8]
#
# If you would like to submit a bug report, please visit:
#   http://java.sun.com/webapps/bugreport/crash.jsp
# The crash happened outside the Java Virtual Machine in native code.
# See problematic frame for where to report the bug.
#

---------------  T H R E A D  ---------------

Current thread (0x0592e000):  JavaThread "AWT-EventQueue-0" [_thread_in_native, id=1852, stack(0x06310000,0x06510000)]

siginfo: ExceptionCode=0xc0000005, reading address 0x00000144

Registers:
EAX=0x00000051, EBX=0x000000ff, ECX=0x00000000, EDX=0x00000000
ESP=0x0650ef50, EBP=0x06940000, ESI=0x000000ff, EDI=0x000000ff
EIP=0x6d01d1c8, EFLAGS=0x00010246

Top of Stack: (sp=0x0650ef50)
0x0650ef50:   00000000 6d0fac00 2446000c 00000000
0x0650ef60:   ff525152 00000001 000000ff 00000000
0x0650ef70:   000000ff 00000100 000001af 000000ff
0x0650ef80:   ffffffff 05ac90e8 00000000 00000000
0x0650ef90:   6d00a550 000000ff 00000000 00000000
0x0650efa0:   00000000 fffffe51 000001af 000001dc
0x0650efb0:   2446000c 0650f001 6d0fac00 0650f001
0x0650efc0:   0650f178 3906e4a8 0592e000 00000000 

Instructions: (pc=0x6d01d1c8)
0x6d01d1b8:   0b c1 e6 08 0f b6 84 06 60 35 11 6d 8b 4c 24 38
0x6d01d1c8:   8a 14 81 88 55 00 8b 4c 24 60 8b 44 24 28 83 c1 


Stack: [0x06310000,0x06510000],  sp=0x0650ef50,  free space=7fb0650ea34k
Native frames: (J=compiled Java code, j=interpreted, Vv=VM code, C=native code)
C  [awt.dll+0x1d1c8]

Java frames: (J=compiled Java code, j=interpreted, Vv=VM code)
J  sun.java2d.loops.MaskBlit.MaskBlit(Lsun/java2d/SurfaceData;Lsun/java2d/SurfaceData;Ljava/awt/Composite;Lsun/java2d/pipe/Region;IIIIII[BII)V
j  sun.java2d.loops.MaskBlit$General.MaskBlit(Lsun/java2d/SurfaceData;Lsun/java2d/SurfaceData;Ljava/awt/Composite;Lsun/java2d/pipe/Region;IIIIII[BII)V+214
J  sun.java2d.loops.Blit$GeneralMaskBlit.Blit(Lsun/java2d/SurfaceData;Lsun/java2d/SurfaceData;Ljava/awt/Composite;Lsun/java2d/pipe/Region;IIIIII)V
J  sun.java2d.pipe.DrawImage.blitSurfaceData(Lsun/java2d/SunGraphics2D;Lsun/java2d/pipe/Region;Lsun/java2d/SurfaceData;Lsun/java2d/SurfaceData;Lsun/java2d/loops/SurfaceType;Lsun/java2d/loops/SurfaceType;IIIIIILjava/awt/Color;)V
J  sun.java2d.pipe.DrawImage.renderImageCopy(Lsun/java2d/SunGraphics2D;Ljava/awt/Image;Ljava/awt/Color;IIIIII)Z
J  sun.java2d.pipe.DrawImage.copyImage(Lsun/java2d/SunGraphics2D;Ljava/awt/Image;IILjava/awt/Color;)Z
J  sun.java2d.pipe.DrawImage.copyImage(Lsun/java2d/SunGraphics2D;Ljava/awt/Image;IILjava/awt/Color;Ljava/awt/image/ImageObserver;)Z
J  sun.java2d.pipe.ValidatePipe.copyImage(Lsun/java2d/SunGraphics2D;Ljava/awt/Image;IILjava/awt/Color;Ljava/awt/image/ImageObserver;)Z
J  sun.java2d.SunGraphics2D.drawImage(Ljava/awt/Image;IILjava/awt/Color;Ljava/awt/image/ImageObserver;)Z
J  sun.java2d.SunGraphics2D.drawImage(Ljava/awt/Image;IILjava/awt/image/ImageObserver;)Z
J  javax.swing.RepaintManager$PaintManager.paintDoubleBuffered(Ljavax/swing/JComponent;Ljava/awt/Image;Ljava/awt/Graphics;IIII)V
J  javax.swing.RepaintManager$PaintManager.paint(Ljavax/swing/JComponent;Ljavax/swing/JComponent;Ljava/awt/Graphics;IIII)Z
J  javax.swing.BufferStrategyPaintManager.paint(Ljavax/swing/JComponent;Ljavax/swing/JComponent;Ljava/awt/Graphics;IIII)Z
J  javax.swing.RepaintManager.paint(Ljavax/swing/JComponent;Ljavax/swing/JComponent;Ljava/awt/Graphics;IIII)V
J  javax.swing.JComponent.paint(Ljava/awt/Graphics;)V
j  java.awt.GraphicsCallback$PaintCallback.run(Ljava/awt/Component;Ljava/awt/Graphics;)V+2
j  sun.awt.SunGraphicsCallback.runOneComponent(Ljava/awt/Component;Ljava/awt/Rectangle;Ljava/awt/Graphics;Ljava/awt/Shape;I)V+155
j  sun.awt.SunGraphicsCallback.runComponents([Ljava/awt/Component;Ljava/awt/Graphics;I)V+104
j  java.awt.Container.paint(Ljava/awt/Graphics;)V+73
j  java.awt.Window.paint(Ljava/awt/Graphics;)V+72
J  javax.swing.RepaintManager.paintDirtyRegions(Ljava/util/Map;)V
J  javax.swing.RepaintManager.paintDirtyRegions()V
J  javax.swing.RepaintManager.seqPaintDirtyRegions()V
J  javax.swing.SystemEventQueueUtilities$ComponentWorkRequest.run()V
J  java.awt.event.InvocationEvent.dispatch()V
J  java.awt.EventQueue.dispatchEvent(Ljava/awt/AWTEvent;)V
J  java.awt.EventDispatchThread.pumpOneEventForFilters(I)Z
j  java.awt.EventDispatchThread.pumpEventsForFilter(ILjava/awt/Conditional;Ljava/awt/EventFilter;)V+30
j  java.awt.EventDispatchThread.pumpEventsForHierarchy(ILjava/awt/Conditional;Ljava/awt/Component;)V+11
j  java.awt.EventDispatchThread.pumpEvents(ILjava/awt/Conditional;)V+4
j  java.awt.EventDispatchThread.pumpEvents(Ljava/awt/Conditional;)V+3
j  java.awt.EventDispatchThread.run()V+9
v  ~StubRoutines::call_stub

---------------  P R O C E S S  ---------------

Java Threads: ( => current thread )
  0x07189800 JavaThread "Thread-7" [_thread_in_native, id=936, stack(0x07570000,0x07770000)]
  0x07189000 JavaThread "TimerQueue" daemon [_thread_blocked, id=2508, stack(0x08280000,0x08480000)]
  0x05acc000 JavaThread "Swing-Shell" daemon [_thread_blocked, id=3020, stack(0x07a80000,0x07c80000)]
  0x05ad7c00 JavaThread "Thread-5" [_thread_blocked, id=3620, stack(0x07770000,0x07970000)]
  0x0592e800 JavaThread "Thread-2" [_thread_blocked, id=2480, stack(0x06550000,0x06750000)]
=>0x0592e000 JavaThread "AWT-EventQueue-0" [_thread_in_native, id=1852, stack(0x06310000,0x06510000)]
  0x0591cc00 JavaThread "AWT-Windows" daemon [_thread_in_native, id=1580, stack(0x060d0000,0x062d0000)]
  0x0591c400 JavaThread "AWT-Shutdown" [_thread_blocked, id=1576, stack(0x05ed0000,0x060d0000)]
  0x01dff400 JavaThread "Java2D Disposer" daemon [_thread_blocked, id=3760, stack(0x05cd0000,0x05ed0000)]
  0x01d48800 JavaThread "Low Memory Detector" daemon [_thread_blocked, id=2816, stack(0x05380000,0x05580000)]
  0x01d3c800 JavaThread "CompilerThread0" daemon [_thread_blocked, id=1668, stack(0x05140000,0x05340000)]
  0x01d3b800 JavaThread "Attach Listener" daemon [_thread_blocked, id=1420, stack(0x04f00000,0x05100000)]
  0x01d38400 JavaThread "Signal Dispatcher" daemon [_thread_blocked, id=2344, stack(0x04cc0000,0x04ec0000)]
  0x01d35400 JavaThread "Finalizer" daemon [_thread_blocked, id=1612, stack(0x04a80000,0x04c80000)]
  0x01d30800 JavaThread "Reference Handler" daemon [_thread_blocked, id=3312, stack(0x04840000,0x04a40000)]
  0x01d11c00 JavaThread "main" [_thread_blocked, id=3412, stack(0x00090000,0x00290000)]

Other Threads:
  0x01d2e800 VMThread [stack: 0x04600000,0x04800000] [id=2268]
  0x01d4a400 WatcherThread [stack: 0x055c0000,0x057c0000] [id=2644]

VM state:not at safepoint (normal execution)

VM Mutex/Monitor currently owned by a thread: None

Heap
 def new generation   total 4992K, used 1392K [0x24460000, 0x249c0000, 0x299b0000)
  eden space 4480K,  19% used [0x24460000, 0x2453c178, 0x248c0000)
  from space 512K, 100% used [0x24940000, 0x249c0000, 0x249c0000)
  to   space 512K,   0% used [0x248c0000, 0x248c0000, 0x24940000)
 tenured generation   total 10944K, used 6207K [0x299b0000, 0x2a460000, 0x34460000)
   the space 10944K,  56% used [0x299b0000, 0x29fbff40, 0x29fc0000, 0x2a460000)
 compacting perm gen  total 12288K, used 3649K [0x34460000, 0x35060000, 0x38460000)
   the space 12288K,  29% used [0x34460000, 0x347f0728, 0x347f0800, 0x35060000)
    ro space 10240K,  51% used [0x38460000, 0x3898b700, 0x3898b800, 0x38e60000)
    rw space 12288K,  54% used [0x38e60000, 0x394f76c0, 0x394f7800, 0x39a60000)

Dynamic libraries:
0x00400000 - 0x00475f9c 	D:\USB stick\RP6\Boatloader\RP6Loader.exe
0x777f0000 - 0x77970000 	C:\Windows\SysWOW64\ntdll.dll
0x772f0000 - 0x773f0000 	C:\Windows\syswow64\kernel32.dll
0x76110000 - 0x76156000 	C:\Windows\syswow64\KERNELBASE.dll
0x753e0000 - 0x75480000 	C:\Windows\syswow64\ADVAPI32.DLL
0x75580000 - 0x7562c000 	C:\Windows\syswow64\msvcrt.dll
0x753c0000 - 0x753d9000 	C:\Windows\SysWOW64\sechost.dll
0x75820000 - 0x75910000 	C:\Windows\syswow64\RPCRT4.dll
0x75360000 - 0x753c0000 	C:\Windows\syswow64\SspiCli.dll
0x75350000 - 0x7535c000 	C:\Windows\syswow64\CRYPTBASE.dll
0x76350000 - 0x76f99000 	C:\Windows\syswow64\SHELL32.DLL
0x770c0000 - 0x77117000 	C:\Windows\syswow64\SHLWAPI.dll
0x76160000 - 0x761f0000 	C:\Windows\syswow64\GDI32.dll
0x75720000 - 0x75820000 	C:\Windows\syswow64\USER32.dll
0x75e70000 - 0x75e7a000 	C:\Windows\syswow64\LPK.dll
0x762b0000 - 0x7634d000 	C:\Windows\syswow64\USP10.dll
0x75640000 - 0x756a0000 	C:\Windows\system32\IMM32.DLL
0x75480000 - 0x7554c000 	C:\Windows\syswow64\MSCTF.dll
0x6d800000 - 0x6daa7000 	C:\Program Files (x86)\Java\jre6\bin\client\jvm.dll
0x747c0000 - 0x747f2000 	C:\Windows\system32\WINMM.dll
0x7c340000 - 0x7c396000 	C:\Windows\system32\MSVCR71.dll
0x72eb0000 - 0x72efb000 	C:\Windows\system32\apphelp.dll
0x6d7b0000 - 0x6d7bc000 	C:\Program Files (x86)\Java\jre6\bin\verify.dll
0x6d330000 - 0x6d34f000 	C:\Program Files (x86)\Java\jre6\bin\java.dll
0x6d290000 - 0x6d298000 	C:\Program Files (x86)\Java\jre6\bin\hpi.dll
0x75630000 - 0x75635000 	C:\Windows\syswow64\PSAPI.DLL
0x6d7f0000 - 0x6d7ff000 	C:\Program Files (x86)\Java\jre6\bin\zip.dll
0x6d000000 - 0x6d14a000 	C:\Program Files (x86)\Java\jre6\bin\awt.dll
0x746c0000 - 0x74711000 	C:\Windows\system32\WINSPOOL.DRV
0x75910000 - 0x75a6c000 	C:\Windows\syswow64\ole32.dll
0x76080000 - 0x76104000 	C:\Windows\WinSxS\x86_microsoft.windows.common-controls_6595b64144ccf1df_5.82.7600.16385_none_ebf82fc36c758ad5\COMCTL32.dll
0x743d0000 - 0x743e3000 	C:\Windows\system32\DWMAPI.DLL
0x730d0000 - 0x73150000 	C:\Windows\system32\uxtheme.dll
0x6d230000 - 0x6d284000 	C:\Program Files (x86)\Java\jre6\bin\fontmanager.dll
0x6d610000 - 0x6d623000 	C:\Program Files (x86)\Java\jre6\bin\net.dll
0x77120000 - 0x77155000 	C:\Windows\syswow64\WS2_32.dll
0x75550000 - 0x75556000 	C:\Windows\syswow64\NSI.dll
0x72e30000 - 0x72e6c000 	C:\Windows\system32\mswsock.dll
0x74920000 - 0x74926000 	C:\Windows\System32\wship6.dll
0x6d630000 - 0x6d639000 	C:\Program Files (x86)\Java\jre6\bin\nio.dll
0x733a0000 - 0x733b6000 	C:\Windows\system32\CRYPTSP.dll
0x73170000 - 0x731ab000 	C:\Windows\system32\rsaenh.dll
0x74800000 - 0x74817000 	C:\Windows\system32\USERENV.dll
0x730a0000 - 0x730ab000 	C:\Windows\system32\profapi.dll
0x72e70000 - 0x72e80000 	C:\Windows\system32\NLAapi.dll
0x72de0000 - 0x72e24000 	C:\Windows\system32\DNSAPI.dll
0x72dd0000 - 0x72dd8000 	C:\Windows\System32\winrnr.dll
0x72dc0000 - 0x72dd0000 	C:\Windows\system32\napinsp.dll
0x72da0000 - 0x72db2000 	C:\Windows\system32\pnrpnsp.dll
0x72d90000 - 0x72d9d000 	C:\Windows\system32\wshbth.dll
0x72cb0000 - 0x72cb5000 	C:\Windows\System32\wshtcpip.dll
0x72e90000 - 0x72eac000 	C:\Windows\system32\IPHLPAPI.DLL
0x72e80000 - 0x72e87000 	C:\Windows\system32\WINNSI.DLL
0x72ce0000 - 0x72ce6000 	C:\Windows\system32\rasadhlp.dll
0x72d50000 - 0x72d88000 	C:\Windows\System32\fwpuclnt.dll
0x6d450000 - 0x6d474000 	C:\Program Files (x86)\Java\jre6\bin\jpeg.dll
0x68100000 - 0x6810f000 	D:\USB stick\RP6\Boatloader\lib\jd2xx.dll
0x10000000 - 0x10034000 	C:\Windows\system32\ftd2xx.dll
0x75b60000 - 0x75cfd000 	C:\Windows\syswow64\SETUPAPI.dll
0x761f0000 - 0x76217000 	C:\Windows\syswow64\CFGMGR32.dll
0x77260000 - 0x772ef000 	C:\Windows\syswow64\OLEAUT32.dll
0x75560000 - 0x75572000 	C:\Windows\syswow64\DEVOBJ.dll
0x731b0000 - 0x7334e000 	C:\Windows\WinSxS\x86_microsoft.windows.common-controls_6595b64144ccf1df_6.0.7600.16385_none_421189da2b7fabfc\comctl32.dll
0x76220000 - 0x762a3000 	C:\Windows\syswow64\CLBCatQ.DLL
0x742b0000 - 0x743a5000 	C:\Windows\system32\propsys.dll
0x74660000 - 0x74681000 	C:\Windows\system32\ntmarta.dll
0x756d0000 - 0x75715000 	C:\Windows\syswow64\WLDAP32.dll
0x73f70000 - 0x74108000 	C:\Windows\system32\NetworkExplorer.dll
0x74630000 - 0x7465e000 	C:\Windows\System32\shdocvw.dll
0x74950000 - 0x7495a000 	C:\Windows\system32\slc.dll
0x743b0000 - 0x743c2000 	C:\Windows\system32\MPR.dll
0x747b0000 - 0x747b8000 	C:\Windows\System32\drprov.dll
0x74690000 - 0x746b9000 	C:\Windows\System32\WINSTA.dll
0x74560000 - 0x74574000 	C:\Windows\System32\ntlanman.dll
0x74540000 - 0x74556000 	C:\Windows\System32\davclnt.dll
0x74820000 - 0x74828000 	C:\Windows\System32\DAVHLPR.dll
0x73500000 - 0x7350f000 	C:\Windows\system32\wkscli.dll
0x74530000 - 0x7453b000 	C:\Windows\system32\cscapi.dll
0x73530000 - 0x73539000 	C:\Windows\system32\netutils.dll
0x73af0000 - 0x73d28000 	C:\Windows\system32\wpdshext.dll
0x73780000 - 0x73910000 	C:\Windows\WinSxS\x86_microsoft.windows.gdiplus_6595b64144ccf1df_1.1.7600.16385_none_72fc7cbf861225ca\gdiplus.dll
0x744a0000 - 0x74529000 	C:\Windows\system32\PortableDeviceApi.dll
0x756a0000 - 0x756cd000 	C:\Windows\syswow64\WINTRUST.dll
0x76fa0000 - 0x770bc000 	C:\Windows\syswow64\CRYPT32.dll
0x777c0000 - 0x777cc000 	C:\Windows\syswow64\MSASN1.dll
0x74470000 - 0x7449b000 	C:\Windows\system32\PortableDeviceTypes.dll
0x743f0000 - 0x7442f000 	C:\Windows\system32\audiodev.dll
0x728f0000 - 0x72b57000 	C:\Windows\system32\WMVCore.DLL
0x74430000 - 0x7446d000 	C:\Windows\system32\WMASF.DLL
0x74230000 - 0x74261000 	C:\Windows\system32\EhStorShell.dll
0x74280000 - 0x742a2000 	C:\Windows\system32\EhStorAPI.dll

VM Arguments:
jvm_args: -Djava.library.path=.;.\lib 
java_command: <unknown>
Launcher Type: generic

Environment Variables:
PATH=D:\AVR\bin;D:\AVR\utils\bin;C:\Windows\system32;C:\Windows;C:\Windows\System32\Wbem;C:\Windows\System32\WindowsPowerShell\v1.0\
USERNAME=Frausig
OS=Windows_NT
PROCESSOR_IDENTIFIER=Intel64 Family 6 Model 23 Stepping 10, GenuineIntel



---------------  S Y S T E M  ---------------

OS: Windows 7 Build 7600 

CPU:total 2 (2 cores per cpu, 1 threads per core) family 6 model 23 stepping 10, cmov, cx8, fxsr, mmx, sse, sse2, sse3, ssse3

Memory: 4k page, physical 3110132k(1889336k free), swap 6218364k(5031880k free)

vm_info: Java HotSpot(TM) Client VM (17.0-b17) for windows-x86 JRE (1.6.0_21-b07), built on Jul 17 2010 01:10:15 by "java_re" with MS VC++ 7.1 (VS2003)

time: Mon Aug 30 23:27:45 2010
elapsed time: 3891 seconds

